<?xml version="1.0" encoding="UTF-8"?>
<!-- Generated by org.testng.reporters.JUnitReportReporter -->
<testsuite hostname="HCPLH1216LP1539" name="com.qa.hfmt.testcases.LoginPageTest" tests="1" failures="0" timestamp="24 Jul 2018 07:47:55 GMT" time="66.800" errors="0">
  <testcase name="userlogin" time="66.800" classname="com.qa.hfmt.testcases.LoginPageTest"/>
</testsuite> <!-- com.qa.hfmt.testcases.LoginPageTest -->
